2025-05-13 09:36:42.566  INFO 1520 --- [restartedMain] e.k.project.BoardProjectBootApplication  : Starting BoardProjectBootApplication using Java 21.0.6 with PID 1520 (C:\workspace\06_Framework\boardProject-boot\bin\main started by user1 in C:\workspace\06_Framework\boardProject-boot)
2025-05-13 09:36:42.567 DEBUG 1520 --- [restartedMain] e.k.project.BoardProjectBootApplication  : Running with Spring Boot v3.4.4, Spring v6.2.5
2025-05-13 09:36:42.568  INFO 1520 --- [restartedMain] e.k.project.BoardProjectBootApplication  : No active profile set, falling back to 1 default profile: "default"
2025-05-13 09:36:42.596  INFO 1520 --- [restartedMain] o.s.b.devtools.restart.ChangeableUrls    : The Class-Path manifest attribute in C:\Users\user1\.gradle\caches\modules-2\files-2.1\com.oracle.database.jdbc\ojdbc11\23.5.0.24.07\6e07003d57be5e280ef0492209e20fa27edec5b6\ojdbc11-23.5.0.24.07.jar referenced one or more files that do not exist: file:/C:/Users/user1/.gradle/caches/modules-2/files-2.1/com.oracle.database.jdbc/ojdbc11/23.5.0.24.07/6e07003d57be5e280ef0492209e20fa27edec5b6/oraclepki.jar
2025-05-13 09:36:42.597  INFO 1520 --- [restartedMain] .e.DevToolsPropertyDefaultsPostProcessor : Devtools property defaults active! Set 'spring.devtools.add-properties' to 'false' to disable
2025-05-13 09:36:42.597  INFO 1520 --- [restartedMain] .e.DevToolsPropertyDefaultsPostProcessor : For additional web related logging consider setting the 'logging.level.web' property to 'DEBUG'
2025-05-13 09:36:43.565  INFO 1520 --- [restartedMain] o.s.b.w.embedded.tomcat.TomcatWebServer  : Tomcat initialized with port 80 (http)
2025-05-13 09:36:43.575  INFO 1520 --- [restartedMain] o.apache.catalina.core.StandardService   : Starting service [Tomcat]
2025-05-13 09:36:43.575  INFO 1520 --- [restartedMain] o.apache.catalina.core.StandardEngine    : Starting Servlet engine: [Apache Tomcat/10.1.39]
2025-05-13 09:36:43.604  INFO 1520 --- [restartedMain] o.a.c.c.C.[Tomcat].[localhost].[/]       : Initializing Spring embedded WebApplicationContext
2025-05-13 09:36:43.605  INFO 1520 --- [restartedMain] w.s.c.ServletWebServerApplicationContext : Root WebApplicationContext: initialization completed in 1008 ms
2025-05-13 09:36:43.681  INFO 1520 --- [restartedMain] com.zaxxer.hikari.HikariDataSource       : MyHikariCP - Starting...
2025-05-13 09:36:43.685  WARN 1520 --- [restartedMain] c.zaxxer.hikari.util.DriverDataSource    : Registered driver with driverClassName=oracle.jdbc.driver.OracleDriver was not found, trying direct instantiation.
2025-05-13 09:36:43.979  INFO 1520 --- [restartedMain] com.zaxxer.hikari.pool.HikariPool        : MyHikariCP - Added connection oracle.jdbc.driver.T4CConnection@26526d76
2025-05-13 09:36:43.980  INFO 1520 --- [restartedMain] com.zaxxer.hikari.HikariDataSource       : MyHikariCP - Start completed.
2025-05-13 09:36:44.427 DEBUG 1520 --- [restartedMain] e.kh.project.common.config.FileConfig    : profileReourceHandler: /myPage/profile/**
2025-05-13 09:36:44.427 DEBUG 1520 --- [restartedMain] e.kh.project.common.config.FileConfig    : profileResourceLocation: file:///C:/uploadFiles/profile/
2025-05-13 09:36:44.433  WARN 1520 --- [restartedMain] o.s.w.s.resource.ResourceHandlerUtils    : Appended trailing slash to static resource location: {my.board.resource-location}\
2025-05-13 09:36:44.553  INFO 1520 --- [restartedMain] o.s.b.d.a.OptionalLiveReloadServer       : LiveReload server is running on port 35729
2025-05-13 09:36:44.585  INFO 1520 --- [restartedMain] o.s.b.w.embedded.tomcat.TomcatWebServer  : Tomcat started on port 80 (http) with context path '/'
2025-05-13 09:36:44.593  INFO 1520 --- [restartedMain] e.k.project.BoardProjectBootApplication  : Started BoardProjectBootApplication in 2.362 seconds (process running for 2.823)
2025-05-13 09:39:19.332  INFO 1520 --- [http-nio-80-exec-1] o.a.c.c.C.[Tomcat].[localhost].[/]       : Initializing Spring DispatcherServlet 'dispatcherServlet'
2025-05-13 09:39:19.332  INFO 1520 --- [http-nio-80-exec-1] o.s.web.servlet.DispatcherServlet        : Initializing Servlet 'dispatcherServlet'
2025-05-13 09:39:19.333  INFO 1520 --- [http-nio-80-exec-1] o.s.web.servlet.DispatcherServlet        : Completed initialization in 1 ms
2025-05-13 09:39:19.363 DEBUG 1520 --- [http-nio-80-exec-1] e.k.p.b.m.m.B.selectBoardTypeList        : ==>  Preparing: SELECT BOARD_CODE "boardCode", BOARD_NAME "boardName" FROM "BOARD_TYPE" ORDER BY BOARD_CODE
2025-05-13 09:39:19.418 DEBUG 1520 --- [http-nio-80-exec-1] e.k.p.b.m.m.B.selectBoardTypeList        : ==> Parameters: 
2025-05-13 09:39:19.499 DEBUG 1520 --- [http-nio-80-exec-1] e.k.p.b.m.m.B.selectBoardTypeList        : <==      Total: 3
2025-05-13 09:39:19.504 DEBUG 1520 --- [http-nio-80-exec-1] e.k.p.c.i.BoardTypeInterceptor           : boardTypeList : [{boardCode=1, boardName=공지 게시판}, {boardCode=2, boardName=정보 게시판}, {boardCode=3, boardName=자유 게시판}]
2025-05-13 09:39:22.311 DEBUG 1520 --- [http-nio-80-exec-6] e.k.p.m.model.mapper.MemberMapper.login  : ==>  Preparing: SELECT MEMBER_NO, MEMBER_EMAIL, MEMBER_NICKNAME, MEMBER_PW, MEMBER_TEL, MEMBER_ADDRESS, PROFILE_IMG, AUTHORITY, TO_CHAR(ENROLL_DATE, 'YYYY"년" MM"월" DD"일" HH24"시" MI"분" SS"초"') ENROLL_DATE FROM "MEMBER" WHERE MEMBER_EMAIL = ? AND MEMBER_DEL_FL = 'N'
2025-05-13 09:39:22.312 DEBUG 1520 --- [http-nio-80-exec-6] e.k.p.m.model.mapper.MemberMapper.login  : ==> Parameters: user01@kh.or.kr(String)
2025-05-13 09:39:22.322 DEBUG 1520 --- [http-nio-80-exec-6] e.k.p.m.model.mapper.MemberMapper.login  : <==      Total: 1
2025-05-13 09:39:28.419 DEBUG 1520 --- [http-nio-80-exec-3] e.k.p.b.m.m.BoardMapper.getListCount     : ==>  Preparing: SELECT COUNT(*) FROM "BOARD" WHERE BOARD_DEL_FL = 'N' AND BOARD_CODE = ?
2025-05-13 09:39:28.421 DEBUG 1520 --- [http-nio-80-exec-3] e.k.p.b.m.m.BoardMapper.getListCount     : ==> Parameters: 1(Integer)
2025-05-13 09:39:28.429 DEBUG 1520 --- [http-nio-80-exec-3] e.k.p.b.m.m.BoardMapper.getListCount     : <==      Total: 1
2025-05-13 09:39:28.431 DEBUG 1520 --- [http-nio-80-exec-3] e.k.p.b.m.m.BoardMapper.selectBoardList  : ==>  Preparing: SELECT BOARD_NO, BOARD_TITLE, READ_COUNT, MEMBER_NICKNAME, (SELECT COUNT(*) FROM "COMMENT" C WHERE C.BOARD_NO = B.BOARD_NO) COMMENT_COUNT, (SELECT COUNT(*) FROM "BOARD_LIKE" L WHERE L.BOARD_NO = B.BOARD_NO) LIKE_COUNT, CASE WHEN SYSDATE - BOARD_WRITE_DATE < 1 / 24 / 60 THEN FLOOR((SYSDATE - BOARD_WRITE_DATE) * 24 * 60 * 60) || '초 전' WHEN SYSDATE - BOARD_WRITE_DATE < 1 / 24 THEN FLOOR((SYSDATE - BOARD_WRITE_DATE) * 24 * 60) || '분 전' WHEN SYSDATE - BOARD_WRITE_DATE < 1 THEN FLOOR((SYSDATE - BOARD_WRITE_DATE) * 24) || '시간 전' ELSE TO_CHAR(BOARD_WRITE_DATE, 'YYYY-MM-DD') END BOARD_WRITE_DATE FROM "BOARD" B JOIN "MEMBER" M ON(B.MEMBER_NO = M.MEMBER_NO) WHERE BOARD_DEL_FL = 'N' AND BOARD_CODE = ? ORDER BY BOARD_NO DESC
2025-05-13 09:39:28.432 DEBUG 1520 --- [http-nio-80-exec-3] e.k.p.b.m.m.BoardMapper.selectBoardList  : ==> Parameters: 1(Integer)
2025-05-13 09:41:08.578 DEBUG 1520 --- [http-nio-80-exec-2] e.k.p.b.m.m.BoardMapper.getListCount     : ==>  Preparing: SELECT COUNT(*) FROM "BOARD" WHERE BOARD_DEL_FL = 'N' AND BOARD_CODE = ?
2025-05-13 09:41:08.579 DEBUG 1520 --- [http-nio-80-exec-2] e.k.p.b.m.m.BoardMapper.getListCount     : ==> Parameters: 2(Integer)
2025-05-13 09:41:08.580 DEBUG 1520 --- [http-nio-80-exec-2] e.k.p.b.m.m.BoardMapper.getListCount     : <==      Total: 1
2025-05-13 09:41:08.581 DEBUG 1520 --- [http-nio-80-exec-2] e.k.p.b.m.m.BoardMapper.selectBoardList  : ==>  Preparing: SELECT BOARD_NO, BOARD_TITLE, READ_COUNT, MEMBER_NICKNAME, (SELECT COUNT(*) FROM "COMMENT" C WHERE C.BOARD_NO = B.BOARD_NO) COMMENT_COUNT, (SELECT COUNT(*) FROM "BOARD_LIKE" L WHERE L.BOARD_NO = B.BOARD_NO) LIKE_COUNT, CASE WHEN SYSDATE - BOARD_WRITE_DATE < 1 / 24 / 60 THEN FLOOR((SYSDATE - BOARD_WRITE_DATE) * 24 * 60 * 60) || '초 전' WHEN SYSDATE - BOARD_WRITE_DATE < 1 / 24 THEN FLOOR((SYSDATE - BOARD_WRITE_DATE) * 24 * 60) || '분 전' WHEN SYSDATE - BOARD_WRITE_DATE < 1 THEN FLOOR((SYSDATE - BOARD_WRITE_DATE) * 24) || '시간 전' ELSE TO_CHAR(BOARD_WRITE_DATE, 'YYYY-MM-DD') END BOARD_WRITE_DATE FROM "BOARD" B JOIN "MEMBER" M ON(B.MEMBER_NO = M.MEMBER_NO) WHERE BOARD_DEL_FL = 'N' AND BOARD_CODE = ? ORDER BY BOARD_NO DESC
2025-05-13 09:41:08.581 DEBUG 1520 --- [http-nio-80-exec-2] e.k.p.b.m.m.BoardMapper.selectBoardList  : ==> Parameters: 2(Integer)
2025-05-13 09:41:09.442 DEBUG 1520 --- [http-nio-80-exec-7] e.k.p.b.m.m.BoardMapper.getListCount     : ==>  Preparing: SELECT COUNT(*) FROM "BOARD" WHERE BOARD_DEL_FL = 'N' AND BOARD_CODE = ?
2025-05-13 09:41:09.442 DEBUG 1520 --- [http-nio-80-exec-7] e.k.p.b.m.m.BoardMapper.getListCount     : ==> Parameters: 1(Integer)
2025-05-13 09:41:09.443 DEBUG 1520 --- [http-nio-80-exec-7] e.k.p.b.m.m.BoardMapper.getListCount     : <==      Total: 1
2025-05-13 09:41:09.444 DEBUG 1520 --- [http-nio-80-exec-7] e.k.p.b.m.m.BoardMapper.selectBoardList  : ==>  Preparing: SELECT BOARD_NO, BOARD_TITLE, READ_COUNT, MEMBER_NICKNAME, (SELECT COUNT(*) FROM "COMMENT" C WHERE C.BOARD_NO = B.BOARD_NO) COMMENT_COUNT, (SELECT COUNT(*) FROM "BOARD_LIKE" L WHERE L.BOARD_NO = B.BOARD_NO) LIKE_COUNT, CASE WHEN SYSDATE - BOARD_WRITE_DATE < 1 / 24 / 60 THEN FLOOR((SYSDATE - BOARD_WRITE_DATE) * 24 * 60 * 60) || '초 전' WHEN SYSDATE - BOARD_WRITE_DATE < 1 / 24 THEN FLOOR((SYSDATE - BOARD_WRITE_DATE) * 24 * 60) || '분 전' WHEN SYSDATE - BOARD_WRITE_DATE < 1 THEN FLOOR((SYSDATE - BOARD_WRITE_DATE) * 24) || '시간 전' ELSE TO_CHAR(BOARD_WRITE_DATE, 'YYYY-MM-DD') END BOARD_WRITE_DATE FROM "BOARD" B JOIN "MEMBER" M ON(B.MEMBER_NO = M.MEMBER_NO) WHERE BOARD_DEL_FL = 'N' AND BOARD_CODE = ? ORDER BY BOARD_NO DESC
2025-05-13 09:41:09.444 DEBUG 1520 --- [http-nio-80-exec-7] e.k.p.b.m.m.BoardMapper.selectBoardList  : ==> Parameters: 1(Integer)
2025-05-13 09:41:10.771 DEBUG 1520 --- [http-nio-80-exec-2] e.k.p.b.m.mapper.BoardMapper.selectOne   : ==>  Preparing: SELECT BOARD_NO, BOARD_TITLE, BOARD_CONTENT, BOARD_CODE, READ_COUNT, MEMBER_NO, MEMBER_NICKNAME, PROFILE_IMG, TO_CHAR(BOARD_WRITE_DATE,'YYYY"년" MM"월" DD"일" HH24:MI:SS') BOARD_WRITE_DATE, TO_CHAR(BOARD_UPDATE_DATE, 'YYYY"년" MM"월" DD"일" HH24:MI:SS') BOARD_UPDATE_DATE, (SELECT COUNT(*) FROM "BOARD_LIKE" WHERE BOARD_NO = ?) LIKE_COUNT, (SELECT IMG_PATH || IMG_RENAME FROM "BOARD_IMG" WHERE BOARD_NO = ? AND IMG_ORDER = 0) THUMBNAIL, (SELECT COUNT(*) FROM "BOARD_LIKE" WHERE BOARD_NO = ? AND MEMBER_NO = ?) LIKE_CHECK FROM "BOARD" JOIN "MEMBER" USING(MEMBER_NO) WHERE BOARD_DEL_FL = 'N' AND BOARD_NO = ? AND BOARD_CODE = ?
2025-05-13 09:41:10.771 DEBUG 1520 --- [http-nio-80-exec-2] e.k.p.b.m.mapper.BoardMapper.selectOne   : ==> Parameters: 1997(Integer), 1997(Integer), 1997(Integer), 1(Integer), 1997(Integer), 1(Integer)
2025-05-13 09:41:10.780 DEBUG 1520 --- [http-nio-80-exec-2] e.k.p.b.m.m.BoardMapper.selectImageList  : ====>  Preparing: SELECT * FROM "BOARD_IMG" WHERE BOARD_NO = ? ORDER BY IMG_ORDER
2025-05-13 09:41:10.781 DEBUG 1520 --- [http-nio-80-exec-2] e.k.p.b.m.m.BoardMapper.selectImageList  : ====> Parameters: 1997(BigDecimal)
2025-05-13 09:41:10.784 DEBUG 1520 --- [http-nio-80-exec-2] e.k.p.b.m.m.BoardMapper.selectImageList  : <====      Total: 5
2025-05-13 09:41:10.784 DEBUG 1520 --- [http-nio-80-exec-2] e.k.p.b.m.m.B.selectCommentList          : ====>  Preparing: SELECT LEVEL, C.* FROM (SELECT COMMENT_NO, COMMENT_CONTENT, TO_CHAR(COMMENT_WRITE_DATE, 'YYYY"년" MM"월" DD"일" HH24"시" MI"분" SS"초"') COMMENT_WRITE_DATE, BOARD_NO, MEMBER_NO, MEMBER_NICKNAME, PROFILE_IMG, PARENT_COMMENT_NO, COMMENT_DEL_FL FROM "COMMENT" JOIN MEMBER USING(MEMBER_NO) WHERE BOARD_NO = ?) C WHERE COMMENT_DEL_FL = 'N' OR 0 != (SELECT COUNT(*) FROM "COMMENT" SUB WHERE SUB.PARENT_COMMENT_NO = C.COMMENT_NO AND COMMENT_DEL_FL = 'N') START WITH PARENT_COMMENT_NO IS NULL CONNECT BY PRIOR COMMENT_NO = PARENT_COMMENT_NO ORDER SIBLINGS BY COMMENT_NO
2025-05-13 09:41:10.785 DEBUG 1520 --- [http-nio-80-exec-2] e.k.p.b.m.m.B.selectCommentList          : ====> Parameters: 1997(BigDecimal)
2025-05-13 09:41:10.796 DEBUG 1520 --- [http-nio-80-exec-2] e.k.p.b.m.m.B.selectCommentList          : <====      Total: 4
2025-05-13 09:41:10.796 DEBUG 1520 --- [http-nio-80-exec-2] e.k.p.b.m.mapper.BoardMapper.selectOne   : <==      Total: 1
2025-05-13 09:41:31.450 DEBUG 1520 --- [http-nio-80-exec-5] e.k.p.b.m.m.E.boardInsert!selectKey      : ==>  Preparing: SELECT SEQ_BOARD_NO.NEXTVAL FROM DUAL
2025-05-13 09:41:31.450 DEBUG 1520 --- [http-nio-80-exec-5] e.k.p.b.m.m.E.boardInsert!selectKey      : ==> Parameters: 
2025-05-13 09:41:31.454 DEBUG 1520 --- [http-nio-80-exec-5] e.k.p.b.m.m.E.boardInsert!selectKey      : <==      Total: 1
2025-05-13 09:41:31.454 DEBUG 1520 --- [http-nio-80-exec-5] e.k.p.b.m.m.EditBoardMapper.boardInsert  : ==>  Preparing: INSERT INTO "BOARD" VALUES(?, ?, ?, DEFAULT, DEFAULT, DEFAULT, DEFAULT, ?, ?)
2025-05-13 09:41:31.455 DEBUG 1520 --- [http-nio-80-exec-5] e.k.p.b.m.m.EditBoardMapper.boardInsert  : ==> Parameters: 2002(Integer), rgrg(String), rggfvr(String), 1(Integer), 1(Integer)
2025-05-13 09:41:31.460 DEBUG 1520 --- [http-nio-80-exec-5] e.k.p.b.m.m.EditBoardMapper.boardInsert  : <==    Updates: 1
2025-05-13 09:41:31.469 DEBUG 1520 --- [http-nio-80-exec-5] e.k.p.b.m.m.E.insertUploadList           : ==>  Preparing: INSERT INTO "BOARD_IMG" ( SELECT NEXT_IMG_NO(), ?, ?, ?, ?, ? FROM DUAL UNION SELECT NEXT_IMG_NO(), ?, ?, ?, ?, ? FROM DUAL )
2025-05-13 09:41:31.470 DEBUG 1520 --- [http-nio-80-exec-5] e.k.p.b.m.m.E.insertUploadList           : ==> Parameters: /images/board/(String), cat1.jpg(String), 20250513094131_00001.jpg(String), 0(Integer), 2002(Integer), /images/board/(String), cat2.jpg(String), 20250513094131_00002.jpg(String), 1(Integer), 2002(Integer)
2025-05-13 09:41:31.476 DEBUG 1520 --- [http-nio-80-exec-5] e.k.p.b.m.m.E.insertUploadList           : <==    Updates: 2
2025-05-13 09:41:31.487 DEBUG 1520 --- [http-nio-80-exec-10] e.k.p.b.m.mapper.BoardMapper.selectOne   : ==>  Preparing: SELECT BOARD_NO, BOARD_TITLE, BOARD_CONTENT, BOARD_CODE, READ_COUNT, MEMBER_NO, MEMBER_NICKNAME, PROFILE_IMG, TO_CHAR(BOARD_WRITE_DATE,'YYYY"년" MM"월" DD"일" HH24:MI:SS') BOARD_WRITE_DATE, TO_CHAR(BOARD_UPDATE_DATE, 'YYYY"년" MM"월" DD"일" HH24:MI:SS') BOARD_UPDATE_DATE, (SELECT COUNT(*) FROM "BOARD_LIKE" WHERE BOARD_NO = ?) LIKE_COUNT, (SELECT IMG_PATH || IMG_RENAME FROM "BOARD_IMG" WHERE BOARD_NO = ? AND IMG_ORDER = 0) THUMBNAIL, (SELECT COUNT(*) FROM "BOARD_LIKE" WHERE BOARD_NO = ? AND MEMBER_NO = ?) LIKE_CHECK FROM "BOARD" JOIN "MEMBER" USING(MEMBER_NO) WHERE BOARD_DEL_FL = 'N' AND BOARD_NO = ? AND BOARD_CODE = ?
2025-05-13 09:41:31.487 DEBUG 1520 --- [http-nio-80-exec-10] e.k.p.b.m.mapper.BoardMapper.selectOne   : ==> Parameters: 2002(Integer), 2002(Integer), 2002(Integer), 1(Integer), 2002(Integer), 1(Integer)
2025-05-13 09:41:31.489 DEBUG 1520 --- [http-nio-80-exec-10] e.k.p.b.m.m.BoardMapper.selectImageList  : ====>  Preparing: SELECT * FROM "BOARD_IMG" WHERE BOARD_NO = ? ORDER BY IMG_ORDER
2025-05-13 09:41:31.489 DEBUG 1520 --- [http-nio-80-exec-10] e.k.p.b.m.m.BoardMapper.selectImageList  : ====> Parameters: 2002(BigDecimal)
2025-05-13 09:41:31.490 DEBUG 1520 --- [http-nio-80-exec-10] e.k.p.b.m.m.BoardMapper.selectImageList  : <====      Total: 2
2025-05-13 09:41:31.490 DEBUG 1520 --- [http-nio-80-exec-10] e.k.p.b.m.m.B.selectCommentList          : ====>  Preparing: SELECT LEVEL, C.* FROM (SELECT COMMENT_NO, COMMENT_CONTENT, TO_CHAR(COMMENT_WRITE_DATE, 'YYYY"년" MM"월" DD"일" HH24"시" MI"분" SS"초"') COMMENT_WRITE_DATE, BOARD_NO, MEMBER_NO, MEMBER_NICKNAME, PROFILE_IMG, PARENT_COMMENT_NO, COMMENT_DEL_FL FROM "COMMENT" JOIN MEMBER USING(MEMBER_NO) WHERE BOARD_NO = ?) C WHERE COMMENT_DEL_FL = 'N' OR 0 != (SELECT COUNT(*) FROM "COMMENT" SUB WHERE SUB.PARENT_COMMENT_NO = C.COMMENT_NO AND COMMENT_DEL_FL = 'N') START WITH PARENT_COMMENT_NO IS NULL CONNECT BY PRIOR COMMENT_NO = PARENT_COMMENT_NO ORDER SIBLINGS BY COMMENT_NO
2025-05-13 09:41:31.491 DEBUG 1520 --- [http-nio-80-exec-10] e.k.p.b.m.m.B.selectCommentList          : ====> Parameters: 2002(BigDecimal)
2025-05-13 09:41:31.492 DEBUG 1520 --- [http-nio-80-exec-10] e.k.p.b.m.m.B.selectCommentList          : <====      Total: 0
2025-05-13 09:41:31.492 DEBUG 1520 --- [http-nio-80-exec-10] e.k.p.b.m.mapper.BoardMapper.selectOne   : <==      Total: 1
2025-05-13 09:41:37.441 DEBUG 1520 --- [http-nio-80-exec-10] e.k.p.b.m.m.BoardMapper.getListCount     : ==>  Preparing: SELECT COUNT(*) FROM "BOARD" WHERE BOARD_DEL_FL = 'N' AND BOARD_CODE = ?
2025-05-13 09:41:37.441 DEBUG 1520 --- [http-nio-80-exec-10] e.k.p.b.m.m.BoardMapper.getListCount     : ==> Parameters: 1(Integer)
2025-05-13 09:41:37.442 DEBUG 1520 --- [http-nio-80-exec-10] e.k.p.b.m.m.BoardMapper.getListCount     : <==      Total: 1
2025-05-13 09:41:37.443 DEBUG 1520 --- [http-nio-80-exec-10] e.k.p.b.m.m.BoardMapper.selectBoardList  : ==>  Preparing: SELECT BOARD_NO, BOARD_TITLE, READ_COUNT, MEMBER_NICKNAME, (SELECT COUNT(*) FROM "COMMENT" C WHERE C.BOARD_NO = B.BOARD_NO) COMMENT_COUNT, (SELECT COUNT(*) FROM "BOARD_LIKE" L WHERE L.BOARD_NO = B.BOARD_NO) LIKE_COUNT, CASE WHEN SYSDATE - BOARD_WRITE_DATE < 1 / 24 / 60 THEN FLOOR((SYSDATE - BOARD_WRITE_DATE) * 24 * 60 * 60) || '초 전' WHEN SYSDATE - BOARD_WRITE_DATE < 1 / 24 THEN FLOOR((SYSDATE - BOARD_WRITE_DATE) * 24 * 60) || '분 전' WHEN SYSDATE - BOARD_WRITE_DATE < 1 THEN FLOOR((SYSDATE - BOARD_WRITE_DATE) * 24) || '시간 전' ELSE TO_CHAR(BOARD_WRITE_DATE, 'YYYY-MM-DD') END BOARD_WRITE_DATE FROM "BOARD" B JOIN "MEMBER" M ON(B.MEMBER_NO = M.MEMBER_NO) WHERE BOARD_DEL_FL = 'N' AND BOARD_CODE = ? ORDER BY BOARD_NO DESC
2025-05-13 09:41:37.443 DEBUG 1520 --- [http-nio-80-exec-10] e.k.p.b.m.m.BoardMapper.selectBoardList  : ==> Parameters: 1(Integer)
2025-05-13 09:41:39.223 DEBUG 1520 --- [http-nio-80-exec-4] e.k.p.b.m.m.BoardMapper.getListCount     : ==>  Preparing: SELECT COUNT(*) FROM "BOARD" WHERE BOARD_DEL_FL = 'N' AND BOARD_CODE = ?
2025-05-13 09:41:39.223 DEBUG 1520 --- [http-nio-80-exec-4] e.k.p.b.m.m.BoardMapper.getListCount     : ==> Parameters: 2(Integer)
2025-05-13 09:41:39.225 DEBUG 1520 --- [http-nio-80-exec-4] e.k.p.b.m.m.BoardMapper.getListCount     : <==      Total: 1
2025-05-13 09:41:39.225 DEBUG 1520 --- [http-nio-80-exec-4] e.k.p.b.m.m.BoardMapper.selectBoardList  : ==>  Preparing: SELECT BOARD_NO, BOARD_TITLE, READ_COUNT, MEMBER_NICKNAME, (SELECT COUNT(*) FROM "COMMENT" C WHERE C.BOARD_NO = B.BOARD_NO) COMMENT_COUNT, (SELECT COUNT(*) FROM "BOARD_LIKE" L WHERE L.BOARD_NO = B.BOARD_NO) LIKE_COUNT, CASE WHEN SYSDATE - BOARD_WRITE_DATE < 1 / 24 / 60 THEN FLOOR((SYSDATE - BOARD_WRITE_DATE) * 24 * 60 * 60) || '초 전' WHEN SYSDATE - BOARD_WRITE_DATE < 1 / 24 THEN FLOOR((SYSDATE - BOARD_WRITE_DATE) * 24 * 60) || '분 전' WHEN SYSDATE - BOARD_WRITE_DATE < 1 THEN FLOOR((SYSDATE - BOARD_WRITE_DATE) * 24) || '시간 전' ELSE TO_CHAR(BOARD_WRITE_DATE, 'YYYY-MM-DD') END BOARD_WRITE_DATE FROM "BOARD" B JOIN "MEMBER" M ON(B.MEMBER_NO = M.MEMBER_NO) WHERE BOARD_DEL_FL = 'N' AND BOARD_CODE = ? ORDER BY BOARD_NO DESC
2025-05-13 09:41:39.225 DEBUG 1520 --- [http-nio-80-exec-4] e.k.p.b.m.m.BoardMapper.selectBoardList  : ==> Parameters: 2(Integer)
2025-05-13 09:41:39.928 DEBUG 1520 --- [http-nio-80-exec-10] e.k.p.b.m.m.BoardMapper.getListCount     : ==>  Preparing: SELECT COUNT(*) FROM "BOARD" WHERE BOARD_DEL_FL = 'N' AND BOARD_CODE = ?
2025-05-13 09:41:39.928 DEBUG 1520 --- [http-nio-80-exec-10] e.k.p.b.m.m.BoardMapper.getListCount     : ==> Parameters: 3(Integer)
2025-05-13 09:41:39.930 DEBUG 1520 --- [http-nio-80-exec-10] e.k.p.b.m.m.BoardMapper.getListCount     : <==      Total: 1
2025-05-13 09:41:39.930 DEBUG 1520 --- [http-nio-80-exec-10] e.k.p.b.m.m.BoardMapper.selectBoardList  : ==>  Preparing: SELECT BOARD_NO, BOARD_TITLE, READ_COUNT, MEMBER_NICKNAME, (SELECT COUNT(*) FROM "COMMENT" C WHERE C.BOARD_NO = B.BOARD_NO) COMMENT_COUNT, (SELECT COUNT(*) FROM "BOARD_LIKE" L WHERE L.BOARD_NO = B.BOARD_NO) LIKE_COUNT, CASE WHEN SYSDATE - BOARD_WRITE_DATE < 1 / 24 / 60 THEN FLOOR((SYSDATE - BOARD_WRITE_DATE) * 24 * 60 * 60) || '초 전' WHEN SYSDATE - BOARD_WRITE_DATE < 1 / 24 THEN FLOOR((SYSDATE - BOARD_WRITE_DATE) * 24 * 60) || '분 전' WHEN SYSDATE - BOARD_WRITE_DATE < 1 THEN FLOOR((SYSDATE - BOARD_WRITE_DATE) * 24) || '시간 전' ELSE TO_CHAR(BOARD_WRITE_DATE, 'YYYY-MM-DD') END BOARD_WRITE_DATE FROM "BOARD" B JOIN "MEMBER" M ON(B.MEMBER_NO = M.MEMBER_NO) WHERE BOARD_DEL_FL = 'N' AND BOARD_CODE = ? ORDER BY BOARD_NO DESC
2025-05-13 09:41:39.930 DEBUG 1520 --- [http-nio-80-exec-10] e.k.p.b.m.m.BoardMapper.selectBoardList  : ==> Parameters: 3(Integer)
2025-05-13 09:41:40.608 DEBUG 1520 --- [http-nio-80-exec-4] e.k.p.b.m.m.BoardMapper.getListCount     : ==>  Preparing: SELECT COUNT(*) FROM "BOARD" WHERE BOARD_DEL_FL = 'N' AND BOARD_CODE = ?
2025-05-13 09:41:40.609 DEBUG 1520 --- [http-nio-80-exec-4] e.k.p.b.m.m.BoardMapper.getListCount     : ==> Parameters: 3(Integer)
2025-05-13 09:41:40.611 DEBUG 1520 --- [http-nio-80-exec-4] e.k.p.b.m.m.BoardMapper.getListCount     : <==      Total: 1
2025-05-13 09:41:40.611 DEBUG 1520 --- [http-nio-80-exec-4] e.k.p.b.m.m.BoardMapper.selectBoardList  : ==>  Preparing: SELECT BOARD_NO, BOARD_TITLE, READ_COUNT, MEMBER_NICKNAME, (SELECT COUNT(*) FROM "COMMENT" C WHERE C.BOARD_NO = B.BOARD_NO) COMMENT_COUNT, (SELECT COUNT(*) FROM "BOARD_LIKE" L WHERE L.BOARD_NO = B.BOARD_NO) LIKE_COUNT, CASE WHEN SYSDATE - BOARD_WRITE_DATE < 1 / 24 / 60 THEN FLOOR((SYSDATE - BOARD_WRITE_DATE) * 24 * 60 * 60) || '초 전' WHEN SYSDATE - BOARD_WRITE_DATE < 1 / 24 THEN FLOOR((SYSDATE - BOARD_WRITE_DATE) * 24 * 60) || '분 전' WHEN SYSDATE - BOARD_WRITE_DATE < 1 THEN FLOOR((SYSDATE - BOARD_WRITE_DATE) * 24) || '시간 전' ELSE TO_CHAR(BOARD_WRITE_DATE, 'YYYY-MM-DD') END BOARD_WRITE_DATE FROM "BOARD" B JOIN "MEMBER" M ON(B.MEMBER_NO = M.MEMBER_NO) WHERE BOARD_DEL_FL = 'N' AND BOARD_CODE = ? ORDER BY BOARD_NO DESC
2025-05-13 09:41:40.611 DEBUG 1520 --- [http-nio-80-exec-4] e.k.p.b.m.m.BoardMapper.selectBoardList  : ==> Parameters: 3(Integer)
2025-05-13 09:44:20.804  INFO 1520 --- [RMI TCP Connection(17)-127.0.0.1] inMXBeanRegistrar$SpringApplicationAdmin : Application shutdown requested.
2025-05-13 09:44:20.806  INFO 1520 --- [RMI TCP Connection(17)-127.0.0.1] o.s.b.w.e.tomcat.GracefulShutdown        : Commencing graceful shutdown. Waiting for active requests to complete
2025-05-13 09:44:20.810  INFO 1520 --- [tomcat-shutdown] o.s.b.w.e.tomcat.GracefulShutdown        : Graceful shutdown complete
2025-05-13 09:44:20.812  INFO 1520 --- [RMI TCP Connection(17)-127.0.0.1] com.zaxxer.hikari.HikariDataSource       : MyHikariCP - Shutdown initiated...
2025-05-13 09:44:20.824  INFO 1520 --- [RMI TCP Connection(17)-127.0.0.1] com.zaxxer.hikari.HikariDataSource       : MyHikariCP - Shutdown completed.
2025-05-13 09:45:09.495  INFO 2168 --- [restartedMain] e.k.project.BoardProjectBootApplication  : Starting BoardProjectBootApplication using Java 21.0.6 with PID 2168 (C:\workspace\06_Framework\boardProject-boot\bin\main started by user1 in C:\workspace\06_Framework\boardProject-boot)
2025-05-13 09:45:09.496 DEBUG 2168 --- [restartedMain] e.k.project.BoardProjectBootApplication  : Running with Spring Boot v3.4.4, Spring v6.2.5
2025-05-13 09:45:09.496  INFO 2168 --- [restartedMain] e.k.project.BoardProjectBootApplication  : No active profile set, falling back to 1 default profile: "default"
2025-05-13 09:45:09.523  INFO 2168 --- [restartedMain] o.s.b.devtools.restart.ChangeableUrls    : The Class-Path manifest attribute in C:\Users\user1\.gradle\caches\modules-2\files-2.1\com.oracle.database.jdbc\ojdbc11\23.5.0.24.07\6e07003d57be5e280ef0492209e20fa27edec5b6\ojdbc11-23.5.0.24.07.jar referenced one or more files that do not exist: file:/C:/Users/user1/.gradle/caches/modules-2/files-2.1/com.oracle.database.jdbc/ojdbc11/23.5.0.24.07/6e07003d57be5e280ef0492209e20fa27edec5b6/oraclepki.jar
2025-05-13 09:45:09.523  INFO 2168 --- [restartedMain] .e.DevToolsPropertyDefaultsPostProcessor : Devtools property defaults active! Set 'spring.devtools.add-properties' to 'false' to disable
2025-05-13 09:45:09.523  INFO 2168 --- [restartedMain] .e.DevToolsPropertyDefaultsPostProcessor : For additional web related logging consider setting the 'logging.level.web' property to 'DEBUG'
2025-05-13 09:45:10.147  INFO 2168 --- [restartedMain] o.s.b.w.embedded.tomcat.TomcatWebServer  : Tomcat initialized with port 80 (http)
2025-05-13 09:45:10.155  INFO 2168 --- [restartedMain] o.apache.catalina.core.StandardService   : Starting service [Tomcat]
2025-05-13 09:45:10.155  INFO 2168 --- [restartedMain] o.apache.catalina.core.StandardEngine    : Starting Servlet engine: [Apache Tomcat/10.1.39]
2025-05-13 09:45:10.179  INFO 2168 --- [restartedMain] o.a.c.c.C.[Tomcat].[localhost].[/]       : Initializing Spring embedded WebApplicationContext
2025-05-13 09:45:10.179  INFO 2168 --- [restartedMain] w.s.c.ServletWebServerApplicationContext : Root WebApplicationContext: initialization completed in 655 ms
2025-05-13 09:45:10.264  INFO 2168 --- [restartedMain] com.zaxxer.hikari.HikariDataSource       : MyHikariCP - Starting...
2025-05-13 09:45:10.268  WARN 2168 --- [restartedMain] c.zaxxer.hikari.util.DriverDataSource    : Registered driver with driverClassName=oracle.jdbc.driver.OracleDriver was not found, trying direct instantiation.
2025-05-13 09:45:10.499  INFO 2168 --- [restartedMain] com.zaxxer.hikari.pool.HikariPool        : MyHikariCP - Added connection oracle.jdbc.driver.T4CConnection@7c3f3066
2025-05-13 09:45:10.500  INFO 2168 --- [restartedMain] com.zaxxer.hikari.HikariDataSource       : MyHikariCP - Start completed.
2025-05-13 09:45:10.814 DEBUG 2168 --- [restartedMain] e.kh.project.common.config.FileConfig    : profileReourceHandler: /myPage/profile/**
2025-05-13 09:45:10.814 DEBUG 2168 --- [restartedMain] e.kh.project.common.config.FileConfig    : profileResourceLocation: file:///C:/uploadFiles/profile/
2025-05-13 09:45:10.820  WARN 2168 --- [restartedMain] o.s.w.s.resource.ResourceHandlerUtils    : Appended trailing slash to static resource location: {my.board.resource-location}\
2025-05-13 09:45:10.930  INFO 2168 --- [restartedMain] o.s.b.d.a.OptionalLiveReloadServer       : LiveReload server is running on port 35729
2025-05-13 09:45:10.951  INFO 2168 --- [restartedMain] o.s.b.w.embedded.tomcat.TomcatWebServer  : Tomcat started on port 80 (http) with context path '/'
2025-05-13 09:45:10.958  INFO 2168 --- [restartedMain] e.k.project.BoardProjectBootApplication  : Started BoardProjectBootApplication in 1.735 seconds (process running for 2.103)
2025-05-13 09:45:42.702  INFO 2168 --- [RMI TCP Connection(10)-127.0.0.1] inMXBeanRegistrar$SpringApplicationAdmin : Application shutdown requested.
2025-05-13 09:45:42.704  INFO 2168 --- [RMI TCP Connection(10)-127.0.0.1] o.s.b.w.e.tomcat.GracefulShutdown        : Commencing graceful shutdown. Waiting for active requests to complete
2025-05-13 09:45:42.707  INFO 2168 --- [tomcat-shutdown] o.s.b.w.e.tomcat.GracefulShutdown        : Graceful shutdown complete
2025-05-13 09:45:42.709  INFO 2168 --- [RMI TCP Connection(10)-127.0.0.1] com.zaxxer.hikari.HikariDataSource       : MyHikariCP - Shutdown initiated...
2025-05-13 09:45:42.720  INFO 2168 --- [RMI TCP Connection(10)-127.0.0.1] com.zaxxer.hikari.HikariDataSource       : MyHikariCP - Shutdown completed.
2025-05-13 09:45:44.298  INFO 12636 --- [restartedMain] e.k.project.BoardProjectBootApplication  : Starting BoardProjectBootApplication using Java 21.0.6 with PID 12636 (C:\workspace\06_Framework\boardProject-boot\bin\main started by user1 in C:\workspace\06_Framework\boardProject-boot)
2025-05-13 09:45:44.299 DEBUG 12636 --- [restartedMain] e.k.project.BoardProjectBootApplication  : Running with Spring Boot v3.4.4, Spring v6.2.5
2025-05-13 09:45:44.299  INFO 12636 --- [restartedMain] e.k.project.BoardProjectBootApplication  : No active profile set, falling back to 1 default profile: "default"
2025-05-13 09:45:44.323  INFO 12636 --- [restartedMain] o.s.b.devtools.restart.ChangeableUrls    : The Class-Path manifest attribute in C:\Users\user1\.gradle\caches\modules-2\files-2.1\com.oracle.database.jdbc\ojdbc11\23.5.0.24.07\6e07003d57be5e280ef0492209e20fa27edec5b6\ojdbc11-23.5.0.24.07.jar referenced one or more files that do not exist: file:/C:/Users/user1/.gradle/caches/modules-2/files-2.1/com.oracle.database.jdbc/ojdbc11/23.5.0.24.07/6e07003d57be5e280ef0492209e20fa27edec5b6/oraclepki.jar
2025-05-13 09:45:44.324  INFO 12636 --- [restartedMain] .e.DevToolsPropertyDefaultsPostProcessor : Devtools property defaults active! Set 'spring.devtools.add-properties' to 'false' to disable
2025-05-13 09:45:44.324  INFO 12636 --- [restartedMain] .e.DevToolsPropertyDefaultsPostProcessor : For additional web related logging consider setting the 'logging.level.web' property to 'DEBUG'
2025-05-13 09:45:44.950  INFO 12636 --- [restartedMain] o.s.b.w.embedded.tomcat.TomcatWebServer  : Tomcat initialized with port 80 (http)
2025-05-13 09:45:44.959  INFO 12636 --- [restartedMain] o.apache.catalina.core.StandardService   : Starting service [Tomcat]
2025-05-13 09:45:44.959  INFO 12636 --- [restartedMain] o.apache.catalina.core.StandardEngine    : Starting Servlet engine: [Apache Tomcat/10.1.39]
2025-05-13 09:45:44.985  INFO 12636 --- [restartedMain] o.a.c.c.C.[Tomcat].[localhost].[/]       : Initializing Spring embedded WebApplicationContext
2025-05-13 09:45:44.985  INFO 12636 --- [restartedMain] w.s.c.ServletWebServerApplicationContext : Root WebApplicationContext: initialization completed in 661 ms
2025-05-13 09:45:45.060  INFO 12636 --- [restartedMain] com.zaxxer.hikari.HikariDataSource       : MyHikariCP - Starting...
2025-05-13 09:45:45.063  WARN 12636 --- [restartedMain] c.zaxxer.hikari.util.DriverDataSource    : Registered driver with driverClassName=oracle.jdbc.driver.OracleDriver was not found, trying direct instantiation.
2025-05-13 09:45:45.297  INFO 12636 --- [restartedMain] com.zaxxer.hikari.pool.HikariPool        : MyHikariCP - Added connection oracle.jdbc.driver.T4CConnection@358794d7
2025-05-13 09:45:45.298  INFO 12636 --- [restartedMain] com.zaxxer.hikari.HikariDataSource       : MyHikariCP - Start completed.
2025-05-13 09:45:45.611 DEBUG 12636 --- [restartedMain] e.kh.project.common.config.FileConfig    : profileReourceHandler: /myPage/profile/**
2025-05-13 09:45:45.611 DEBUG 12636 --- [restartedMain] e.kh.project.common.config.FileConfig    : profileResourceLocation: file:///C:/uploadFiles/profile/
2025-05-13 09:45:45.616  WARN 12636 --- [restartedMain] o.s.w.s.resource.ResourceHandlerUtils    : Appended trailing slash to static resource location: {my.board.resource-location}\
2025-05-13 09:45:45.727  INFO 12636 --- [restartedMain] o.s.b.d.a.OptionalLiveReloadServer       : LiveReload server is running on port 35729
2025-05-13 09:45:45.746  INFO 12636 --- [restartedMain] o.s.b.w.embedded.tomcat.TomcatWebServer  : Tomcat started on port 80 (http) with context path '/'
2025-05-13 09:45:45.754  INFO 12636 --- [restartedMain] e.k.project.BoardProjectBootApplication  : Started BoardProjectBootApplication in 1.729 seconds (process running for 2.086)
2025-05-13 09:46:10.573  INFO 12636 --- [File Watcher] rtingClassPathChangeChangedEventListener : Restarting due to 1 class path change (0 additions, 0 deletions, 1 modification)
2025-05-13 09:46:10.579  INFO 12636 --- [Thread-7] o.s.b.w.e.tomcat.GracefulShutdown        : Commencing graceful shutdown. Waiting for active requests to complete
2025-05-13 09:46:10.583  INFO 12636 --- [tomcat-shutdown] o.s.b.w.e.tomcat.GracefulShutdown        : Graceful shutdown complete
2025-05-13 09:46:10.586  INFO 12636 --- [Thread-7] com.zaxxer.hikari.HikariDataSource       : MyHikariCP - Shutdown initiated...
2025-05-13 09:46:10.603  INFO 12636 --- [Thread-7] com.zaxxer.hikari.HikariDataSource       : MyHikariCP - Shutdown completed.
